d:\_projects_visual_studio_\year3_semester5\game engine design\invictus_2.0\componentframework\debug\vc141.pdb
d:\_projects_visual_studio_\year3_semester5\game engine design\invictus_2.0\componentframework\debug\vc141.idb
d:\_projects_visual_studio_\year3_semester5\game engine design\invictus_2.0\componentframework\debug\mesh.obj
d:\_projects_visual_studio_\year3_semester5\game engine design\invictus_2.0\componentframework\debug\main.obj
d:\_projects_visual_studio_\year3_semester5\game engine design\invictus_2.0\componentframework\debug\mmath.obj
d:\_projects_visual_studio_\year3_semester5\game engine design\invictus_2.0\componentframework\debug\model.obj
d:\_projects_visual_studio_\year3_semester5\game engine design\invictus_2.0\componentframework\debug\modelresource.obj
d:\_projects_visual_studio_\year3_semester5\game engine design\invictus_2.0\componentframework\debug\modelresourcemanager.obj
d:\_projects_visual_studio_\year3_semester5\game engine design\invictus_2.0\componentframework\debug\objloader.obj
d:\_projects_visual_studio_\year3_semester5\game engine design\invictus_2.0\componentframework\debug\scene.obj
d:\_projects_visual_studio_\year3_semester5\game engine design\invictus_2.0\componentframework\debug\scene1.obj
d:\_projects_visual_studio_\year3_semester5\game engine design\invictus_2.0\componentframework\debug\sceneenvironment.obj
d:\_projects_visual_studio_\year3_semester5\game engine design\invictus_2.0\componentframework\debug\shader.obj
d:\_projects_visual_studio_\year3_semester5\game engine design\invictus_2.0\componentframework\debug\shaderresource.obj
d:\_projects_visual_studio_\year3_semester5\game engine design\invictus_2.0\componentframework\debug\shaderresourcemanager.obj
d:\_projects_visual_studio_\year3_semester5\game engine design\invictus_2.0\componentframework\debug\texture.obj
d:\_projects_visual_studio_\year3_semester5\game engine design\invictus_2.0\componentframework\debug\textureresource.obj
d:\_projects_visual_studio_\year3_semester5\game engine design\invictus_2.0\componentframework\debug\textureresourcemanager.obj
d:\_projects_visual_studio_\year3_semester5\game engine design\invictus_2.0\componentframework\debug\timer.obj
d:\_projects_visual_studio_\year3_semester5\game engine design\invictus_2.0\componentframework\debug\trackball.obj
d:\_projects_visual_studio_\year3_semester5\game engine design\invictus_2.0\componentframework\debug\vmath.obj
d:\_projects_visual_studio_\year3_semester5\game engine design\invictus_2.0\componentframework\debug\window.obj
d:\_projects_visual_studio_\year3_semester5\game engine design\invictus_2.0\componentframework\debug\baseresourcemanager.obj
d:\_projects_visual_studio_\year3_semester5\game engine design\invictus_2.0\componentframework\debug\camera.obj
d:\_projects_visual_studio_\year3_semester5\game engine design\invictus_2.0\componentframework\debug\debug.obj
d:\_projects_visual_studio_\year3_semester5\game engine design\invictus_2.0\componentframework\debug\effect.obj
d:\_projects_visual_studio_\year3_semester5\game engine design\invictus_2.0\componentframework\debug\effectedmodel.obj
d:\_projects_visual_studio_\year3_semester5\game engine design\invictus_2.0\componentframework\debug\gamescenemanager.obj
d:\_projects_visual_studio_\year3_semester5\game engine design\invictus_2.0\componentframework\debug\materialeffect.obj
d:\_projects_visual_studio_\year3_semester5\game engine design\invictus_2.0\componentframework\debug\materialresource.obj
d:\_projects_visual_studio_\year3_semester5\game engine design\invictus_2.0\componentframework\debug\materialresourcemanager.obj
d:\_projects_visual_studio_\year3_semester5\game engine design\invictus_2.0\componentframework\debug\material.obj
d:\_projects_visual_studio_\year3_semester5\game engine design\invictus_2.0\debug\componentframework.exe
d:\_projects_visual_studio_\year3_semester5\game engine design\invictus_2.0\debug\componentframework.ilk
d:\_projects_visual_studio_\year3_semester5\game engine design\invictus_2.0\debug\componentframework.pdb
d:\_projects_visual_studio_\year3_semester5\game engine design\invictus_2.0\componentframework\debug\componen.f2dcb53b.tlog\cl.command.1.tlog
d:\_projects_visual_studio_\year3_semester5\game engine design\invictus_2.0\componentframework\debug\componen.f2dcb53b.tlog\cl.read.1.tlog
d:\_projects_visual_studio_\year3_semester5\game engine design\invictus_2.0\componentframework\debug\componen.f2dcb53b.tlog\cl.write.1.tlog
d:\_projects_visual_studio_\year3_semester5\game engine design\invictus_2.0\componentframework\debug\componen.f2dcb53b.tlog\link.command.1.tlog
d:\_projects_visual_studio_\year3_semester5\game engine design\invictus_2.0\componentframework\debug\componen.f2dcb53b.tlog\link.read.1.tlog
d:\_projects_visual_studio_\year3_semester5\game engine design\invictus_2.0\componentframework\debug\componen.f2dcb53b.tlog\link.write.1.tlog
